mode: set
github.com/mrhumster/go-http-server/main.go:17.54,21.16 4 1
github.com/mrhumster/go-http-server/main.go:21.16,23.3 1 0
github.com/mrhumster/go-http-server/main.go:24.2,25.44 2 1
github.com/mrhumster/go-http-server/main.go:28.55,32.18 4 1
github.com/mrhumster/go-http-server/main.go:32.18,36.3 3 1
github.com/mrhumster/go-http-server/main.go:37.2,37.56 1 1
github.com/mrhumster/go-http-server/main.go:40.56,44.2 3 1
github.com/mrhumster/go-http-server/main.go:46.13,56.53 6 0
github.com/mrhumster/go-http-server/main.go:56.53,59.4 2 0
github.com/mrhumster/go-http-server/main.go:62.2,65.53 1 0
github.com/mrhumster/go-http-server/main.go:65.53,68.4 2 0
github.com/mrhumster/go-http-server/main.go:71.2,71.12 1 0
github.com/mrhumster/go-http-server/main.go:71.12,74.43 2 0
github.com/mrhumster/go-http-server/main.go:74.43,76.4 1 0
github.com/mrhumster/go-http-server/main.go:76.9,76.24 1 0
github.com/mrhumster/go-http-server/main.go:76.24,78.4 1 0
github.com/mrhumster/go-http-server/main.go:79.3,79.14 1 0
github.com/mrhumster/go-http-server/main.go:82.2,82.12 1 0
github.com/mrhumster/go-http-server/main.go:82.12,85.43 2 0
github.com/mrhumster/go-http-server/main.go:85.43,87.4 1 0
github.com/mrhumster/go-http-server/main.go:87.9,87.24 1 0
github.com/mrhumster/go-http-server/main.go:87.24,89.4 1 0
github.com/mrhumster/go-http-server/main.go:90.3,90.14 1 0
github.com/mrhumster/go-http-server/main.go:93.2,93.14 1 0
